<?xml version="1.0" encoding="UTF-8"?>
<testsuite xmlns:xsi="http://www.w3.org/2001/XMLSchema-instance" xsi:noNamespaceSchemaLocation="https://maven.apache.org/surefire/maven-surefire-plugin/xsd/surefire-test-report-3.0.xsd" version="3.0" name="org.example.mvc.repository.OrderRepositoryTests" time="0.077" tests="4" errors="0" skipped="0" failures="0">
  <properties>
[...]
</properties>
  <testcase name="saveTest" classname="org.example.mvc.repository.OrderRepositoryTests" time="0.059"/>
  <testcase name="findAllTest" classname="org.example.mvc.repository.OrderRepositoryTests" time="0.002"/>
  <testcase name="findByIdTest" classname="org.example.mvc.repository.OrderRepositoryTests" time="0.003"/>
  <testcase name="deleteTest" classname="org.example.mvc.repository.OrderRepositoryTests" time="0.005"/>
</testsuite>